<?xml version="1.0" encoding="UTF-8"?>
<testsuite name="pl.allegro.tech.build.axion.release.domain.hooks.ReleaseHooksRunnerTest" tests="2" skipped="0" failures="0" errors="0" timestamp="2015-12-30T21:47:08" hostname="c49884" time="0.019">
  <properties/>
  <testcase name="should run all pre-release jobs" classname="pl.allegro.tech.build.axion.release.domain.hooks.ReleaseHooksRunnerTest" time="0.014"/>
  <testcase name="should run all post-release jobs" classname="pl.allegro.tech.build.axion.release.domain.hooks.ReleaseHooksRunnerTest" time="0.005"/>
  <system-out><![CDATA[]]></system-out>
  <system-err><![CDATA[]]></system-err>
</testsuite>
