<?xml version="1.0" encoding="UTF-8"?>
<testsuite name="pl.allegro.tech.build.axion.release.domain.ScmPositionContextTest" tests="1" skipped="0" failures="0" errors="0" timestamp="2015-12-30T21:47:06" hostname="c49884" time="0.007">
  <properties/>
  <testcase name="should create position with/without next version marker depending on position" classname="pl.allegro.tech.build.axion.release.domain.ScmPositionContextTest" time="0.007"/>
  <system-out><![CDATA[]]></system-out>
  <system-err><![CDATA[]]></system-err>
</testsuite>
