<?xml version="1.0" encoding="UTF-8"?>
<testsuite name="pl.allegro.tech.build.axion.release.domain.NextVersionMarkerTest" tests="1" skipped="0" failures="0" errors="0" timestamp="2015-12-30T21:47:06" hostname="c49884" time="0.188">
  <properties/>
  <testcase name="should create next version tag with given version" classname="pl.allegro.tech.build.axion.release.domain.NextVersionMarkerTest" time="0.188"/>
  <system-out><![CDATA[]]></system-out>
  <system-err><![CDATA[]]></system-err>
</testsuite>
