<?xml version="1.0" encoding="UTF-8"?>
<testsuite name="pl.allegro.tech.build.axion.release.domain.NextVersionSerializerTest" tests="2" skipped="0" failures="0" errors="0" timestamp="2015-12-30T21:47:06" hostname="c49884" time="0.024">
  <properties/>
  <testcase name="default serializer should append separator and suffix" classname="pl.allegro.tech.build.axion.release.domain.NextVersionSerializerTest" time="0.022"/>
  <testcase name="default deserializer should trim separator and suffix" classname="pl.allegro.tech.build.axion.release.domain.NextVersionSerializerTest" time="0.002"/>
  <system-out><![CDATA[]]></system-out>
  <system-err><![CDATA[]]></system-err>
</testsuite>
