<?xml version="1.0" encoding="UTF-8"?>
<testsuite name="pl.allegro.tech.build.axion.release.domain.LocalOnlyResolverTest" tests="3" skipped="0" failures="0" errors="0" timestamp="2015-12-30T21:47:06" hostname="c49884" time="0.001">
  <properties/>
  <testcase name="should resolve to localOnly when base value is true property present" classname="pl.allegro.tech.build.axion.release.domain.LocalOnlyResolverTest" time="0.001"/>
  <testcase name="should resolve to localOnly when remote is not attached" classname="pl.allegro.tech.build.axion.release.domain.LocalOnlyResolverTest" time="0.0"/>
  <testcase name="should not resolve to localOnly remote is present" classname="pl.allegro.tech.build.axion.release.domain.LocalOnlyResolverTest" time="0.0"/>
  <system-out><![CDATA[]]></system-out>
  <system-err><![CDATA[]]></system-err>
</testsuite>
