<?xml version="1.0" encoding="UTF-8"?>
<testsuite name="pl.allegro.tech.build.axion.release.factory.TagPropertiesFactoryTest" tests="2" skipped="0" failures="0" errors="0" timestamp="2015-12-30T21:48:29" hostname="c49884" time="0.052">
  <properties/>
  <testcase name="should pick default prefix if none branch prefixes match" classname="pl.allegro.tech.build.axion.release.factory.TagPropertiesFactoryTest" time="0.039"/>
  <testcase name="should pick prefix suitable for current branch if defined in per branch prefixes" classname="pl.allegro.tech.build.axion.release.factory.TagPropertiesFactoryTest" time="0.013"/>
  <system-out><![CDATA[]]></system-out>
  <system-err><![CDATA[]]></system-err>
</testsuite>
