<?xml version="1.0" encoding="UTF-8"?>
<testsuite name="pl.allegro.tech.build.axion.release.factory.ScmIdentityFactoryTest" tests="3" skipped="0" failures="0" errors="0" timestamp="2015-12-30T21:48:29" hostname="c49884" time="0.015">
  <properties/>
  <testcase name="should return default identity when no key set" classname="pl.allegro.tech.build.axion.release.factory.ScmIdentityFactoryTest" time="0.0"/>
  <testcase name="should return custom identity when key set" classname="pl.allegro.tech.build.axion.release.factory.ScmIdentityFactoryTest" time="0.004"/>
  <testcase name="should read key contents from file when file passed as key" classname="pl.allegro.tech.build.axion.release.factory.ScmIdentityFactoryTest" time="0.011"/>
  <system-out><![CDATA[]]></system-out>
  <system-err><![CDATA[]]></system-err>
</testsuite>
